# JRE version: Java(TM) SE Runtime Environment (17.0.12+8) (build 17.0.12+8-LTS-286)
# Java VM: Java HotSpot(TM) 64-Bit Server VM (17.0.12+8-LTS-286, mixed mode, sharing, tiered, compressed oops, compressed class ptrs, g1 gc, windows-amd64)
GC Precious Log:
 CPUs: 4 total, 4 available
 Memory: 3530M
 Large Page Support: Disabled
 NUMA Support: Disabled
 Compressed Oops: Enabled (32-bit)
 Heap Region Size: 1M
 Heap Min Capacity: 8M
 Heap Initial Capacity: 56M
 Heap Max Capacity: 2G
 Pre-touch: Disabled
 Parallel Workers: 4
 Concurrent Workers: 1
 Concurrent Refinement Workers: 4
 Periodic GC: Disabled
Heap:
 garbage-first heap   total 363520K, used 116243K [0x0000000080000000, 0x0000000100000000)
  region size 1024K, 2 young (2048K), 2 survivors (2048K)
 Metaspace       used 101141K, committed 102144K, reserved 557056K
  class space    used 14125K, committed 14592K, reserved 425984K
GC Heap History (20 events):
Event: 41.714 GC heap after
{Heap after GC invocations=65 (full 0):
 garbage-first heap   total 132096K, used 73499K [0x0000000080000000, 0x0000000100000000)
  region size 1024K, 1 young (1024K), 1 survivors (1024K)
 Metaspace       used 72816K, committed 73664K, reserved 491520K
  class space    used 10274K, committed 10688K, reserved 425984K
}
Event: 41.889 GC heap before
{Heap before GC invocations=65 (full 0):
 garbage-first heap   total 132096K, used 77595K [0x0000000080000000, 0x0000000100000000)
  region size 1024K, 6 young (6144K), 1 survivors (1024K)
 Metaspace       used 72846K, committed 73728K, reserved 491520K
  class space    used 10277K, committed 10688K, reserved 425984K
}
Event: 41.899 GC heap after
{Heap after GC invocations=66 (full 0):
 garbage-first heap   total 132096K, used 73727K [0x0000000080000000, 0x0000000100000000)
  region size 1024K, 1 young (1024K), 1 survivors (1024K)
 Metaspace       used 72846K, committed 73728K, reserved 491520K
  class space    used 10277K, committed 10688K, reserved 425984K
}
Event: 43.697 GC heap before
{Heap before GC invocations=67 (full 0):
 garbage-first heap   total 148480K, used 116735K [0x0000000080000000, 0x0000000100000000)
  region size 1024K, 37 young (37888K), 1 survivors (1024K)
 Metaspace       used 74698K, committed 75584K, reserved 491520K
  class space    used 10508K, committed 10944K, reserved 425984K
}
Event: 43.739 GC heap after
{Heap after GC invocations=68 (full 0):
 garbage-first heap   total 148480K, used 85797K [0x0000000080000000, 0x0000000100000000)
  region size 1024K, 5 young (5120K), 5 survivors (5120K)
 Metaspace       used 74698K, committed 75584K, reserved 491520K
  class space    used 10508K, committed 10944K, reserved 425984K
}
Event: 43.788 GC heap before
{Heap before GC invocations=68 (full 0):
 garbage-first heap   total 148480K, used 87845K [0x0000000080000000, 0x0000000100000000)
  region size 1024K, 7 young (7168K), 5 survivors (5120K)
 Metaspace       used 74839K, committed 75776K, reserved 557056K
  class space    used 10530K, committed 11008K, reserved 425984K
}
Event: 43.833 GC heap after
{Heap after GC invocations=69 (full 0):
 garbage-first heap   total 148480K, used 85882K [0x0000000080000000, 0x0000000100000000)
  region size 1024K, 1 young (1024K), 1 survivors (1024K)
 Metaspace       used 74839K, committed 75776K, reserved 557056K
  class space    used 10530K, committed 11008K, reserved 425984K
}
Event: 45.450 GC heap before
{Heap before GC invocations=69 (full 0):
 garbage-first heap   total 148480K, used 119674K [0x0000000080000000, 0x0000000100000000)
  region size 1024K, 35 young (35840K), 1 survivors (1024K)
 Metaspace       used 78070K, committed 78912K, reserved 557056K
  class space    used 10828K, committed 11264K, reserved 425984K
}
Event: 45.492 GC heap after
{Heap after GC invocations=70 (full 0):
 garbage-first heap   total 363520K, used 86480K [0x0000000080000000, 0x0000000100000000)
  region size 1024K, 1 young (1024K), 1 survivors (1024K)
 Metaspace       used 78070K, committed 78912K, reserved 557056K
  class space    used 10828K, committed 11264K, reserved 425984K
}
Event: 52.740 GC heap before
{Heap before GC invocations=71 (full 0):
 garbage-first heap   total 358400K, used 235984K [0x0000000080000000, 0x0000000100000000)
  region size 1024K, 140 young (143360K), 1 survivors (1024K)
 Metaspace       used 87851K, committed 88768K, reserved 557056K
  class space    used 12091K, committed 12544K, reserved 425984K
}
Event: 53.038 GC heap after
{Heap after GC invocations=72 (full 0):
 garbage-first heap   total 358400K, used 98745K [0x0000000080000000, 0x0000000100000000)
  region size 1024K, 9 young (9216K), 9 survivors (9216K)
 Metaspace       used 87851K, committed 88768K, reserved 557056K
  class space    used 12091K, committed 12544K, reserved 425984K
}
Event: 54.176 GC heap before
{Heap before GC invocations=72 (full 0):
 garbage-first heap   total 358400K, used 105913K [0x0000000080000000, 0x0000000100000000)
  region size 1024K, 17 young (17408K), 9 survivors (9216K)
 Metaspace       used 88243K, committed 89152K, reserved 557056K
  class space    used 12158K, committed 12608K, reserved 425984K
}
Event: 54.301 GC heap after
{Heap after GC invocations=73 (full 0):
 garbage-first heap   total 358400K, used 99372K [0x0000000080000000, 0x0000000100000000)
  region size 1024K, 1 young (1024K), 1 survivors (1024K)
 Metaspace       used 88243K, committed 89152K, reserved 557056K
  class space    used 12158K, committed 12608K, reserved 425984K
}
Event: 63.098 GC heap before
{Heap before GC invocations=73 (full 0):
 garbage-first heap   total 358400K, used 217132K [0x0000000080000000, 0x0000000100000000)
  region size 1024K, 116 young (118784K), 1 survivors (1024K)
 Metaspace       used 93468K, committed 94336K, reserved 557056K
  class space    used 12894K, committed 13312K, reserved 425984K
}
Event: 63.405 GC heap after
{Heap after GC invocations=74 (full 0):
 garbage-first heap   total 358400K, used 104492K [0x0000000080000000, 0x0000000100000000)
  region size 1024K, 6 young (6144K), 6 survivors (6144K)
 Metaspace       used 93468K, committed 94336K, reserved 557056K
  class space    used 12894K, committed 13312K, reserved 425984K
}
Event: 66.587 GC heap before
{Heap before GC invocations=74 (full 0):
 garbage-first heap   total 358400K, used 150572K [0x0000000080000000, 0x0000000100000000)
  region size 1024K, 51 young (52224K), 6 survivors (6144K)
 Metaspace       used 96627K, committed 97600K, reserved 557056K
  class space    used 13487K, committed 13952K, reserved 425984K
}
Event: 66.662 GC heap after
{Heap after GC invocations=75 (full 0):
 garbage-first heap   total 358400K, used 106460K [0x0000000080000000, 0x0000000100000000)
  region size 1024K, 2 young (2048K), 2 survivors (2048K)
 Metaspace       used 96627K, committed 97600K, reserved 557056K
  class space    used 13487K, committed 13952K, reserved 425984K
}
Event: 81.771 GC heap before
{Heap before GC invocations=75 (full 0):
 garbage-first heap   total 358400K, used 222172K [0x0000000080000000, 0x0000000100000000)
  region size 1024K, 115 young (117760K), 2 survivors (2048K)
 Metaspace       used 101141K, committed 102144K, reserved 557056K
  class space    used 14125K, committed 14592K, reserved 425984K
}
Event: 82.292 GC heap after
{Heap after GC invocations=76 (full 0):
 garbage-first heap   total 358400K, used 114913K [0x0000000080000000, 0x0000000100000000)
  region size 1024K, 11 young (11264K), 11 survivors (11264K)
 Metaspace       used 101141K, committed 102144K, reserved 557056K
  class space    used 14125K, committed 14592K, reserved 425984K
}
Event: 82.814 GC heap before
{Heap before GC invocations=76 (full 0):
 garbage-first heap   total 358400K, used 120033K [0x0000000080000000, 0x0000000100000000)
  region size 1024K, 17 young (17408K), 11 survivors (11264K)
 Metaspace       used 101141K, committed 102144K, reserved 557056K
  class space    used 14125K, committed 14592K, reserved 425984K
}

